#-----------------------------------------------------------
# PlanAhead v12.2
# Build 65285 by hdbuild on Wed Jun 23 14:46:30 PDT 2010
# Start of session at: Thu Nov 18 19:46:23 2010
# Process ID: 3253
# Log file: /home/mcattin/projects/GN4124_core/hdl/pfc/planAhead_run_1/planAhead.log
# Journal file: /home/mcattin/projects/GN4124_core/hdl/pfc/planAhead_run_1/planAhead.jou
#-----------------------------------------------------------
INFO: [HD-Licensing 0] Attempting to get a license: PlanAhead
INFO: [HD-Licensing 1] Got a license: PlanAhead
INFO: [HD-Licensing 3] Your PlanAhead license expires in -171 day(s)
INFO: [HD-ArchReader 0] Loading parts and site information from /opt/Xilinx/12.2/ISE_DS/PlanAhead/parts/arch.xml
INFO: [HD-RTPRIM 0] Parsing RTL primitives file '/opt/Xilinx/12.2/ISE_DS/PlanAhead/parts/xilinx/rtl/prims/rtl_prims.xml'
INFO: [HD-RTPRIM 1] Finished Parsing RTL primitives file '/opt/Xilinx/12.2/ISE_DS/PlanAhead/parts/xilinx/rtl/prims/rtl_prims.xml'
source /opt/Xilinx/12.2/ISE_DS/PlanAhead/scripts/sdc.tcl
start_gui -source /home/mcattin/projects/GN4124_core/hdl/pfc/pa.fromNcd.tcl
# create_project -name pfc_wrapper -dir "/home/mcattin/projects/GN4124_core/hdl/pfc/planAhead_run_1" -part xc6slx150tfgg676-3
# set srcset [get_property srcset [current_run -impl]]
# set_property design_mode GateLvl $srcset
# set_property edif_top_file "/home/mcattin/projects/GN4124_core/hdl/pfc/pfc_wrapper.ngc" [ get_property srcset [ current_run ] ]
# add_files -norecurse { {/home/mcattin/projects/GN4124_core/hdl/pfc} {ip_cores} }
# add_files "ip_cores/fifo_32x512.ncf" "ip_cores/fifo_64x512.ncf" "ip_cores/ram_2048x32.ncf" -fileset [get_property constrset [current_run]]
# set_param project.paUcfFile  "pfc_wrapper.ucf"
# add_files "pfc_wrapper.ucf" -fileset [get_property constrset [current_run]]
# open_netlist_design
INFO: Run is defaulting to constrset part: xc6slx150tfgg676-3
INFO: [HD-EDIFIN 0] Parsing Edif File './.HDI-PlanAhead-3253-ABPC10853/ngc2edif/pfc_wrapper.edif'
INFO: [HD-EDIFIN 1] Finished Parsing Edif File './.HDI-PlanAhead-3253-ABPC10853/ngc2edif/pfc_wrapper.edif'
INFO: [HD-EDIFIN 4] Reading core file '/home/mcattin/projects/GN4124_core/hdl/pfc/ip_cores/ram_2048x32.ngc' for (cell view 'ram_2048x32', library 'pfc_wrapper_lib', file 'pfc_wrapper.ngc')
INFO: [HD-EDIFIN 0] Parsing Edif File './.HDI-PlanAhead-3253-ABPC10853/ngc2edif/ram_2048x32.edif'
INFO: [HD-EDIFIN 1] Finished Parsing Edif File './.HDI-PlanAhead-3253-ABPC10853/ngc2edif/ram_2048x32.edif'
INFO: [HD-EDIFIN 4] Reading core file '/home/mcattin/projects/GN4124_core/hdl/pfc/ip_cores/fifo_32x512.ngc' for (cell view 'fifo_32x512', library 'pfc_wrapper_lib', file 'pfc_wrapper.ngc')
INFO: [HD-EDIFIN 0] Parsing Edif File './.HDI-PlanAhead-3253-ABPC10853/ngc2edif/fifo_32x512.edif'
INFO: [HD-EDIFIN 1] Finished Parsing Edif File './.HDI-PlanAhead-3253-ABPC10853/ngc2edif/fifo_32x512.edif'
INFO: [HD-EDIFIN 4] Reading core file '/home/mcattin/projects/GN4124_core/hdl/pfc/ip_cores/fifo_64x512.ngc' for (cell view 'fifo_64x512', library 'pfc_wrapper_lib', file 'pfc_wrapper.ngc')
INFO: [HD-EDIFIN 0] Parsing Edif File './.HDI-PlanAhead-3253-ABPC10853/ngc2edif/fifo_64x512.edif'
INFO: [HD-EDIFIN 1] Finished Parsing Edif File './.HDI-PlanAhead-3253-ABPC10853/ngc2edif/fifo_64x512.edif'
INFO: [HD-ArchReader 7] Loading clock regions from /opt/Xilinx/12.2/ISE_DS/PlanAhead/parts/xilinx/spartan6/spartan6lxt/xc6slx150t/ClockRegion.xml
INFO: [HD-ArchReader 8] Loading clock buffers from /opt/Xilinx/12.2/ISE_DS/PlanAhead/parts/xilinx/spartan6/spartan6lxt/xc6slx150t/ClockBuffers.xml
INFO: [HD-ArchReader 3] Loading package from /opt/Xilinx/12.2/ISE_DS/PlanAhead/parts/xilinx/spartan6/spartan6lxt/xc6slx150t/fgg676/Package.xml
INFO: [HD-ArchReader 13] Loading package pin functions from /opt/Xilinx/12.2/ISE_DS/PlanAhead/parts/xilinx/spartan6/PinFunctions.xml...
INFO: [HD-ArchReader 4] Loading io standards from /opt/Xilinx/12.2/ISE_DS/PlanAhead/./parts/xilinx/spartan6/IOStandards.xml
INFO: [HD-ArchReader 12] Loading device configuration modes from /opt/Xilinx/12.2/ISE_DS/PlanAhead/parts/xilinx/spartan6/ConfigModes.xml
INFO: [HD-GDRC 0] Loading list of drcs for the architecture : /opt/Xilinx/12.2/ISE_DS/PlanAhead/./parts/xilinx/spartan6/drc.xml
INFO: [HD-UCFReader 0] Parsing UCF File : ./ip_cores/fifo_32x512.ncf
INFO: [HD-UCFReader 1] Finished Parsing UCF File : ./ip_cores/fifo_32x512.ncf
INFO: [HD-UCFReader 0] Parsing UCF File : ./ip_cores/fifo_32x512.ncf
INFO: [HD-UCFReader 1] Finished Parsing UCF File : ./ip_cores/fifo_32x512.ncf
INFO: [HD-UCFReader 0] Parsing UCF File : ./ip_cores/fifo_32x512.ncf
INFO: [HD-UCFReader 1] Finished Parsing UCF File : ./ip_cores/fifo_32x512.ncf
INFO: [HD-UCFReader 0] Parsing UCF File : ./ip_cores/fifo_64x512.ncf
INFO: [HD-UCFReader 1] Finished Parsing UCF File : ./ip_cores/fifo_64x512.ncf
INFO: [HD-UCFReader 0] Parsing UCF File : ./ip_cores/fifo_64x512.ncf
INFO: [HD-UCFReader 1] Finished Parsing UCF File : ./ip_cores/fifo_64x512.ncf
INFO: [HD-UCFReader 0] Parsing UCF File : ./ip_cores/ram_2048x32.ncf
INFO: [HD-UCFReader 1] Finished Parsing UCF File : ./ip_cores/ram_2048x32.ncf
INFO: [HD-UCFReader 0] Parsing UCF File : ./pfc_wrapper.ucf
ERROR: [HD-Constr 0] Could not find net 'vc_rdy*' (file = pfc_wrapper.ucf, line = 137)
ERROR: [HD-UCFReader 2] Could not create constraint 'maxdelay' (file = pfc_wrapper.ucf, line = 137)
ERROR: [HD-UCFReader 25] Cannot loc terminal 'P2L_CLKp' at site T3 found on line 205, DP Negative pin polarity mismatch
ERROR: [HD-UCFReader 25] Cannot loc terminal 'P2L_CLKn' at site T1 found on line 206, DP Positive pin polarity mismatch
INFO: [HD-UCFReader 1] Finished Parsing UCF File : ./pfc_wrapper.ucf

DESIGN RULE CHECK VIOLATION REPORT
   Build: PlanAhead v12.2 by hdbuild
          on  Wed Jun 23 14:46:30 PDT 2010
  Report: by mcattin on host ABPC10853, pid 3253
          on Thu Nov 18 19:47:10 2010

REPORT SUMMARY
            Netlist: synth_results
          Floorplan: <none>
      Design limits: <entire design considered>
             Checks: Unknown block name
                     Unknown Unisim pin name
                     Mismatching Attribute
           Max vios: <unlimited>
         Vios found: 0

REPORT DETAILS
INFO: [HD-LIB 0] Reading timing library /opt/Xilinx/12.2/ISE_DS/PlanAhead/./parts/xilinx/spartan6/spartan6.lib .
INFO: [HD-LIB 1] Done reading timing library /opt/Xilinx/12.2/ISE_DS/PlanAhead/./parts/xilinx/spartan6/spartan6.lib .
# read_xdl -file "/home/mcattin/projects/GN4124_core/hdl/pfc/pfc_wrapper.ncd"
INFO: [HD-PAR 0] Parsing Placement File : /home/mcattin/projects/GN4124_core/hdl/pfc/pfc_wrapper.ncd
WARN: [HD-PAR 5] Net Name VC_RDY<0> Found on Line 961 Not Recognizable in the Context
WARN: [HD-PAR 5] Net Name VC_RDY<1> Found on Line 968 Not Recognizable in the Context
WARN: [HD-PAR 5] Net Name TX_ERROR Found on Line 982 Not Recognizable in the Context
WARN: [HD-PAR 5] Net Name P_WR_REQ<0> Found on Line 1003 Not Recognizable in the Context
WARN: [HD-PAR 5] Net Name P_WR_REQ<1> Found on Line 1010 Not Recognizable in the Context
WARN: [HD-PAR 5] Net Name GPIO<1> Found on Line 1319 Not Recognizable in the Context
INFO: [HD-PAR 1] Finished Parsing Placement File : /home/mcattin/projects/GN4124_core/hdl/pfc/pfc_wrapper.ncd
INFO: [HD-PAR 2] Placed 6313 instances
# if {[catch {read_twx -name results_1 -file "/home/mcattin/projects/GN4124_core/hdl/pfc/pfc_wrapper.twx"} eInfo]} {
#    puts "WARNING: there was a problem importing \"/home/mcattin/projects/GN4124_core/hdl/pfc/pfc_wrapper.twx\": $eInfo"
# }
INFO: [HD-STA 16] No path element with name ProtoComp120.IMUX.15 found. It will be ignored .
INFO: [HD-STA 16] No path element with name ProtoComp126.D2OFFBYP_SRC.6 found. It will be ignored .
INFO: [HD-STA 16] No path element with name ProtoComp125.IMUX found. It will be ignored .
INFO: [HD-STA 16] No path element with name ProtoComp120.IMUX.15 found. It will be ignored .
INFO: [HD-STA 16] No path element with name ProtoComp126.D2OFFBYP_SRC.6 found. It will be ignored .
INFO: [HD-STA 16] No path element with name ProtoComp125.IMUX.1 found. It will be ignored .
INFO: [HD-STA 16] No path element with name ProtoComp120.IMUX.15 found. It will be ignored .
INFO: [HD-STA 16] No path element with name ProtoComp126.D2OFFBYP_SRC.6 found. It will be ignored .
INFO: [HD-STA 16] No path element with name ProtoComp125.IMUX.1 found. It will be ignored .
INFO: [HD-STA 16] No path element with name ProtoComp120.IMUX.15 found. It will be ignored .
INFO: [HD-STA 16] No path element with name ProtoComp126.D2OFFBYP_SRC.6 found. It will be ignored .
INFO: [HD-STA 16] No path element with name ProtoComp125.IMUX found. It will be ignored .
INFO: [HD-STA 16] No path element with name ProtoComp120.IMUX.15 found. It will be ignored .
INFO: [HD-STA 16] No path element with name ProtoComp126.D2OFFBYP_SRC.6 found. It will be ignored .
INFO: [HD-STA 16] No path element with name ProtoComp125.IMUX found. It will be ignored .
INFO: [HD-STA 16] No path element with name ProtoComp120.IMUX.15 found. It will be ignored .
INFO: [HD-STA 16] No path element with name ProtoComp126.D2OFFBYP_SRC.6 found. It will be ignored .
INFO: [HD-STA 16] No path element with name ProtoComp125.IMUX.1 found. It will be ignored .
INFO: [HD-STA 16] No path element with name ProtoComp120.IMUX.15 found. It will be ignored .
INFO: [HD-STA 16] No path element with name ProtoComp126.D2OFFBYP_SRC.6 found. It will be ignored .
INFO: [HD-STA 16] No path element with name ProtoComp125.IMUX.1 found. It will be ignored .
INFO: [HD-STA 16] No path element with name ProtoComp120.IMUX.15 found. It will be ignored .
INFO: [HD-STA 16] No path element with name ProtoComp126.D2OFFBYP_SRC.6 found. It will be ignored .
INFO: [HD-STA 16] No path element with name ProtoComp125.IMUX found. It will be ignored .
INFO: [HD-STA 16] No path element with name ProtoComp120.IMUX.14 found. It will be ignored .
INFO: [HD-STA 16] No path element with name ProtoComp126.D2OFFBYP_SRC.5 found. It will be ignored .
INFO: [HD-STA 16] No path element with name ProtoComp125.IMUX found. It will be ignored .
INFO: [HD-STA 16] No path element with name ProtoComp120.IMUX.14 found. It will be ignored .
INFO: [HD-STA 16] No path element with name ProtoComp126.D2OFFBYP_SRC.5 found. It will be ignored .
INFO: [HD-STA 16] No path element with name ProtoComp125.IMUX.1 found. It will be ignored .
INFO: [HD-STA 16] No path element with name ProtoComp120.IMUX.14 found. It will be ignored .
INFO: [HD-STA 16] No path element with name ProtoComp126.D2OFFBYP_SRC.5 found. It will be ignored .
INFO: [HD-STA 16] No path element with name ProtoComp125.IMUX.1 found. It will be ignored .
INFO: [HD-STA 16] No path element with name ProtoComp120.IMUX.14 found. It will be ignored .
INFO: [HD-STA 16] No path element with name ProtoComp126.D2OFFBYP_SRC.5 found. It will be ignored .
INFO: [HD-STA 16] No path element with name ProtoComp125.IMUX found. It will be ignored .
INFO: [HD-STA 16] No path element with name ProtoComp120.IMUX.14 found. It will be ignored .
INFO: [HD-STA 16] No path element with name ProtoComp126.D2OFFBYP_SRC.5 found. It will be ignored .
INFO: [HD-STA 16] No path element with name ProtoComp125.IMUX found. It will be ignored .
INFO: [HD-STA 16] No path element with name ProtoComp120.IMUX.14 found. It will be ignored .
INFO: [HD-STA 16] No path element with name ProtoComp126.D2OFFBYP_SRC.5 found. It will be ignored .
INFO: [HD-STA 16] No path element with name ProtoComp125.IMUX.1 found. It will be ignored .
INFO: [HD-STA 16] No path element with name ProtoComp120.IMUX.14 found. It will be ignored .
INFO: [HD-STA 16] No path element with name ProtoComp126.D2OFFBYP_SRC.5 found. It will be ignored .
INFO: [HD-STA 16] No path element with name ProtoComp125.IMUX.1 found. It will be ignored .
INFO: [HD-STA 16] No path element with name ProtoComp120.IMUX.14 found. It will be ignored .
INFO: [HD-STA 16] No path element with name ProtoComp126.D2OFFBYP_SRC.5 found. It will be ignored .
INFO: [HD-STA 16] No path element with name ProtoComp125.IMUX found. It will be ignored .
INFO: [HD-STA 16] No path element with name ProtoComp120.IMUX.13 found. It will be ignored .
INFO: [HD-STA 16] No path element with name ProtoComp126.D2OFFBYP_SRC.4 found. It will be ignored .
INFO: [HD-STA 16] No path element with name ProtoComp125.IMUX found. It will be ignored .
INFO: [HD-STA 16] No path element with name ProtoComp120.IMUX.13 found. It will be ignored .
INFO: [HD-STA 16] No path element with name ProtoComp126.D2OFFBYP_SRC.4 found. It will be ignored .
INFO: [HD-STA 16] No path element with name ProtoComp125.IMUX.1 found. It will be ignored .
INFO: [HD-STA 16] No path element with name ProtoComp120.IMUX.13 found. It will be ignored .
INFO: [HD-STA 16] No path element with name ProtoComp126.D2OFFBYP_SRC.4 found. It will be ignored .
INFO: [HD-STA 16] No path element with name ProtoComp125.IMUX.1 found. It will be ignored .
INFO: [HD-STA 16] No path element with name ProtoComp120.IMUX.13 found. It will be ignored .
INFO: [HD-STA 16] No path element with name ProtoComp126.D2OFFBYP_SRC.4 found. It will be ignored .
INFO: [HD-STA 16] No path element with name ProtoComp125.IMUX found. It will be ignored .
INFO: [HD-STA 16] No path element with name ProtoComp120.IMUX.13 found. It will be ignored .
INFO: [HD-STA 16] No path element with name ProtoComp126.D2OFFBYP_SRC.4 found. It will be ignored .
INFO: [HD-STA 16] No path element with name ProtoComp125.IMUX found. It will be ignored .
INFO: [HD-STA 16] No path element with name ProtoComp120.IMUX.13 found. It will be ignored .
INFO: [HD-STA 16] No path element with name ProtoComp126.D2OFFBYP_SRC.4 found. It will be ignored .
INFO: [HD-STA 16] No path element with name ProtoComp125.IMUX.1 found. It will be ignored .
INFO: [HD-STA 16] No path element with name ProtoComp120.IMUX.13 found. It will be ignored .
INFO: [HD-STA 16] No path element with name ProtoComp126.D2OFFBYP_SRC.4 found. It will be ignored .
INFO: [HD-STA 16] No path element with name ProtoComp125.IMUX.1 found. It will be ignored .
INFO: [HD-STA 16] No path element with name ProtoComp120.IMUX.13 found. It will be ignored .
INFO: [HD-STA 16] No path element with name ProtoComp126.D2OFFBYP_SRC.4 found. It will be ignored .
INFO: [HD-STA 16] No path element with name ProtoComp125.IMUX found. It will be ignored .
INFO: [HD-STA 16] No path element with name ProtoComp120.IMUX.12 found. It will be ignored .
INFO: [HD-STA 16] No path element with name ProtoComp126.D2OFFBYP_SRC.3 found. It will be ignored .
INFO: [HD-STA 16] No path element with name ProtoComp125.IMUX found. It will be ignored .
INFO: [HD-STA 16] No path element with name ProtoComp120.IMUX.12 found. It will be ignored .
INFO: [HD-STA 16] No path element with name ProtoComp126.D2OFFBYP_SRC.3 found. It will be ignored .
INFO: [HD-STA 16] No path element with name ProtoComp125.IMUX.1 found. It will be ignored .
INFO: [HD-STA 16] No path element with name ProtoComp120.IMUX.12 found. It will be ignored .
INFO: [HD-STA 16] No path element with name ProtoComp126.D2OFFBYP_SRC.3 found. It will be ignored .
INFO: [HD-STA 16] No path element with name ProtoComp125.IMUX.1 found. It will be ignored .
INFO: [HD-STA 16] No path element with name ProtoComp120.IMUX.12 found. It will be ignored .
INFO: [HD-STA 16] No path element with name ProtoComp126.D2OFFBYP_SRC.3 found. It will be ignored .
INFO: [HD-STA 16] No path element with name ProtoComp125.IMUX found. It will be ignored .
INFO: [HD-STA 16] No path element with name ProtoComp120.IMUX.12 found. It will be ignored .
INFO: [HD-STA 16] No path element with name ProtoComp126.D2OFFBYP_SRC.3 found. It will be ignored .
INFO: [HD-STA 16] No path element with name ProtoComp125.IMUX found. It will be ignored .
INFO: [HD-STA 16] No path element with name ProtoComp120.IMUX.12 found. It will be ignored .
INFO: [HD-STA 16] No path element with name ProtoComp126.D2OFFBYP_SRC.3 found. It will be ignored .
INFO: [HD-STA 16] No path element with name ProtoComp125.IMUX.1 found. It will be ignored .
INFO: [HD-STA 16] No path element with name ProtoComp120.IMUX.12 found. It will be ignored .
INFO: [HD-STA 16] No path element with name ProtoComp126.D2OFFBYP_SRC.3 found. It will be ignored .
INFO: [HD-STA 16] No path element with name ProtoComp125.IMUX.1 found. It will be ignored .
INFO: [HD-STA 16] No path element with name ProtoComp120.IMUX.12 found. It will be ignored .
INFO: [HD-STA 16] No path element with name ProtoComp126.D2OFFBYP_SRC.3 found. It will be ignored .
INFO: [HD-STA 16] No path element with name ProtoComp125.IMUX found. It will be ignored .
INFO: [HD-STA 16] No path element with name ProtoComp120.IMUX.11 found. It will be ignored .
INFO: [HD-STA 16] No path element with name ProtoComp126.D2OFFBYP_SRC.2 found. It will be ignored .
INFO: [HD-STA 16] No path element with name ProtoComp125.IMUX found. It will be ignored .
INFO: [HD-STA 16] No path element with name ProtoComp120.IMUX.11 found. It will be ignored .
INFO: [HD-STA 16] No path element with name ProtoComp126.D2OFFBYP_SRC.2 found. It will be ignored .
INFO: [HD-STA 16] No path element with name ProtoComp125.IMUX.1 found. It will be ignored .
INFO: [HD-STA 16] No path element with name ProtoComp120.IMUX.11 found. It will be ignored .
INFO: [HD-STA 16] No path element with name ProtoComp126.D2OFFBYP_SRC.2 found. It will be ignored .
INFO: [HD-STA 16] No path element with name ProtoComp125.IMUX.1 found. It will be ignored .
INFO: [HD-STA 16] No path element with name ProtoComp120.IMUX.11 found. It will be ignored .
INFO: [HD-STA 16] No path element with name ProtoComp126.D2OFFBYP_SRC.2 found. It will be ignored .
INFO: [HD-STA 16] No path element with name ProtoComp125.IMUX found. It will be ignored .
INFO: [HD-STA 16] No path element with name ProtoComp120.IMUX.11 found. It will be ignored .
INFO: [HD-STA 16] No path element with name ProtoComp126.D2OFFBYP_SRC.2 found. It will be ignored .
INFO: [HD-STA 16] No path element with name ProtoComp125.IMUX found. It will be ignored .
INFO: [HD-STA 16] No path element with name ProtoComp120.IMUX.11 found. It will be ignored .
INFO: [HD-STA 16] No path element with name ProtoComp126.D2OFFBYP_SRC.2 found. It will be ignored .
INFO: [HD-STA 16] No path element with name ProtoComp125.IMUX.1 found. It will be ignored .
INFO: [HD-STA 16] No path element with name ProtoComp120.IMUX.11 found. It will be ignored .
INFO: [HD-STA 16] No path element with name ProtoComp126.D2OFFBYP_SRC.2 found. It will be ignored .
INFO: [HD-STA 16] No path element with name ProtoComp125.IMUX.1 found. It will be ignored .
INFO: [HD-STA 16] No path element with name ProtoComp120.IMUX.11 found. It will be ignored .
INFO: [HD-STA 16] No path element with name ProtoComp126.D2OFFBYP_SRC.2 found. It will be ignored .
INFO: [HD-STA 16] No path element with name ProtoComp125.IMUX found. It will be ignored .
INFO: [HD-STA 16] No path element with name ProtoComp120.IMUX.10 found. It will be ignored .
INFO: [HD-STA 16] No path element with name ProtoComp126.D2OFFBYP_SRC.1 found. It will be ignored .
INFO: [HD-STA 16] No path element with name ProtoComp125.IMUX found. It will be ignored .
INFO: [HD-STA 16] No path element with name ProtoComp120.IMUX.10 found. It will be ignored .
INFO: [HD-STA 16] No path element with name ProtoComp126.D2OFFBYP_SRC.1 found. It will be ignored .
INFO: [HD-STA 16] No path element with name ProtoComp125.IMUX.1 found. It will be ignored .
INFO: [HD-STA 16] No path element with name ProtoComp120.IMUX.10 found. It will be ignored .
INFO: [HD-STA 16] No path element with name ProtoComp126.D2OFFBYP_SRC.1 found. It will be ignored .
INFO: [HD-STA 16] No path element with name ProtoComp125.IMUX.1 found. It will be ignored .
INFO: [HD-STA 16] No path element with name ProtoComp120.IMUX.10 found. It will be ignored .
INFO: [HD-STA 16] No path element with name ProtoComp126.D2OFFBYP_SRC.1 found. It will be ignored .
INFO: [HD-STA 16] No path element with name ProtoComp125.IMUX found. It will be ignored .
INFO: [HD-STA 16] No path element with name ProtoComp120.IMUX.10 found. It will be ignored .
INFO: [HD-STA 16] No path element with name ProtoComp126.D2OFFBYP_SRC.1 found. It will be ignored .
INFO: [HD-STA 16] No path element with name ProtoComp125.IMUX found. It will be ignored .
INFO: [HD-STA 16] No path element with name ProtoComp120.IMUX.10 found. It will be ignored .
INFO: [HD-STA 16] No path element with name ProtoComp126.D2OFFBYP_SRC.1 found. It will be ignored .
INFO: [HD-STA 16] No path element with name ProtoComp125.IMUX.1 found. It will be ignored .
INFO: [HD-STA 16] No path element with name ProtoComp120.IMUX.10 found. It will be ignored .
INFO: [HD-STA 16] No path element with name ProtoComp126.D2OFFBYP_SRC.1 found. It will be ignored .
INFO: [HD-STA 16] No path element with name ProtoComp125.IMUX.1 found. It will be ignored .
INFO: [HD-STA 16] No path element with name ProtoComp120.IMUX.10 found. It will be ignored .
INFO: [HD-STA 16] No path element with name ProtoComp126.D2OFFBYP_SRC.1 found. It will be ignored .
INFO: [HD-STA 16] No path element with name ProtoComp125.IMUX found. It will be ignored .
INFO: [HD-STA 16] No path element with name ProtoComp120.IMUX.26 found. It will be ignored .
INFO: [HD-STA 16] No path element with name ProtoComp126.D2OFFBYP_SRC.17 found. It will be ignored .
INFO: [HD-STA 16] No path element with name ProtoComp125.IMUX found. It will be ignored .
INFO: [HD-STA 16] No path element with name ProtoComp120.IMUX.26 found. It will be ignored .
INFO: [HD-STA 16] No path element with name ProtoComp126.D2OFFBYP_SRC.17 found. It will be ignored .
INFO: [HD-STA 16] No path element with name ProtoComp125.IMUX.1 found. It will be ignored .
INFO: [HD-STA 16] No path element with name ProtoComp120.IMUX.26 found. It will be ignored .
INFO: [HD-STA 16] No path element with name ProtoComp126.D2OFFBYP_SRC.17 found. It will be ignored .
INFO: [HD-STA 16] No path element with name ProtoComp125.IMUX.1 found. It will be ignored .
INFO: [HD-STA 16] No path element with name ProtoComp120.IMUX.26 found. It will be ignored .
INFO: [HD-STA 16] No path element with name ProtoComp126.D2OFFBYP_SRC.17 found. It will be ignored .
INFO: [HD-STA 16] No path element with name ProtoComp125.IMUX found. It will be ignored .
INFO: [HD-STA 16] No path element with name ProtoComp120.IMUX.26 found. It will be ignored .
INFO: [HD-STA 16] No path element with name ProtoComp126.D2OFFBYP_SRC.17 found. It will be ignored .
INFO: [HD-STA 16] No path element with name ProtoComp125.IMUX found. It will be ignored .
INFO: [HD-STA 16] No path element with name ProtoComp120.IMUX.26 found. It will be ignored .
INFO: [HD-STA 16] No path element with name ProtoComp126.D2OFFBYP_SRC.17 found. It will be ignored .
INFO: [HD-STA 16] No path element with name ProtoComp125.IMUX.1 found. It will be ignored .
INFO: [HD-STA 16] No path element with name ProtoComp120.IMUX.26 found. It will be ignored .
INFO: [HD-STA 16] No path element with name ProtoComp126.D2OFFBYP_SRC.17 found. It will be ignored .
INFO: [HD-STA 16] No path element with name ProtoComp125.IMUX.1 found. It will be ignored .
INFO: [HD-STA 16] No path element with name ProtoComp120.IMUX.26 found. It will be ignored .
INFO: [HD-STA 16] No path element with name ProtoComp126.D2OFFBYP_SRC.17 found. It will be ignored .
INFO: [HD-STA 16] No path element with name ProtoComp125.IMUX found. It will be ignored .
INFO: [HD-STA 16] No path element with name ProtoComp120.IMUX.25 found. It will be ignored .
INFO: [HD-STA 16] No path element with name ProtoComp126.D2OFFBYP_SRC.16 found. It will be ignored .
INFO: [HD-STA 16] No path element with name ProtoComp125.IMUX found. It will be ignored .
INFO: [HD-STA 16] No path element with name ProtoComp120.IMUX.25 found. It will be ignored .
INFO: [HD-STA 16] No path element with name ProtoComp126.D2OFFBYP_SRC.16 found. It will be ignored .
INFO: [HD-STA 16] No path element with name ProtoComp125.IMUX.1 found. It will be ignored .
INFO: [HD-STA 16] No path element with name ProtoComp120.IMUX.25 found. It will be ignored .
INFO: [HD-STA 16] No path element with name ProtoComp126.D2OFFBYP_SRC.16 found. It will be ignored .
INFO: [HD-STA 16] No path element with name ProtoComp125.IMUX.1 found. It will be ignored .
INFO: [HD-STA 16] No path element with name ProtoComp120.IMUX.25 found. It will be ignored .
INFO: [HD-STA 16] No path element with name ProtoComp126.D2OFFBYP_SRC.16 found. It will be ignored .
INFO: [HD-STA 16] No path element with name ProtoComp125.IMUX found. It will be ignored .
INFO: [HD-STA 16] No path element with name ProtoComp120.IMUX.25 found. It will be ignored .
INFO: [HD-STA 16] No path element with name ProtoComp126.D2OFFBYP_SRC.16 found. It will be ignored .
INFO: [HD-STA 16] No path element with name ProtoComp125.IMUX found. It will be ignored .
INFO: [HD-STA 16] No path element with name ProtoComp120.IMUX.25 found. It will be ignored .
INFO: [HD-STA 16] No path element with name ProtoComp126.D2OFFBYP_SRC.16 found. It will be ignored .
INFO: [HD-STA 16] No path element with name ProtoComp125.IMUX.1 found. It will be ignored .
INFO: [HD-STA 16] No path element with name ProtoComp120.IMUX.25 found. It will be ignored .
INFO: [HD-STA 16] No path element with name ProtoComp126.D2OFFBYP_SRC.16 found. It will be ignored .
INFO: [HD-STA 16] No path element with name ProtoComp125.IMUX.1 found. It will be ignored .
INFO: [HD-STA 16] No path element with name ProtoComp120.IMUX.25 found. It will be ignored .
INFO: [HD-STA 16] No path element with name ProtoComp126.D2OFFBYP_SRC.16 found. It will be ignored .
INFO: [HD-STA 16] No path element with name ProtoComp125.IMUX found. It will be ignored .
INFO: [HD-STA 16] No path element with name ProtoComp120.IMUX.24 found. It will be ignored .
INFO: [HD-STA 16] No path element with name ProtoComp126.D2OFFBYP_SRC.15 found. It will be ignored .
INFO: [HD-STA 16] No path element with name ProtoComp125.IMUX found. It will be ignored .
INFO: [HD-STA 16] No path element with name ProtoComp120.IMUX.24 found. It will be ignored .
INFO: [HD-STA 16] No path element with name ProtoComp126.D2OFFBYP_SRC.15 found. It will be ignored .
INFO: [HD-STA 16] No path element with name ProtoComp125.IMUX.1 found. It will be ignored .
INFO: [HD-STA 16] No path element with name ProtoComp120.IMUX.24 found. It will be ignored .
INFO: [HD-STA 16] No path element with name ProtoComp126.D2OFFBYP_SRC.15 found. It will be ignored .
INFO: [HD-STA 16] No path element with name ProtoComp125.IMUX.1 found. It will be ignored .
INFO: [HD-STA 16] No path element with name ProtoComp120.IMUX.24 found. It will be ignored .
INFO: [HD-STA 16] No path element with name ProtoComp126.D2OFFBYP_SRC.15 found. It will be ignored .
INFO: [HD-STA 16] No path element with name ProtoComp125.IMUX found. It will be ignored .
INFO: [HD-STA 16] No path element with name ProtoComp120.IMUX.24 found. It will be ignored .
INFO: [HD-STA 16] No path element with name ProtoComp126.D2OFFBYP_SRC.15 found. It will be ignored .
INFO: [HD-STA 16] No path element with name ProtoComp125.IMUX found. It will be ignored .
INFO: [HD-STA 16] No path element with name ProtoComp120.IMUX.24 found. It will be ignored .
INFO: [HD-STA 16] No path element with name ProtoComp126.D2OFFBYP_SRC.15 found. It will be ignored .
INFO: [HD-STA 16] No path element with name ProtoComp125.IMUX.1 found. It will be ignored .
INFO: [HD-STA 16] No path element with name ProtoComp120.IMUX.24 found. It will be ignored .
INFO: [HD-STA 16] No path element with name ProtoComp126.D2OFFBYP_SRC.15 found. It will be ignored .
INFO: [HD-STA 16] No path element with name ProtoComp125.IMUX.1 found. It will be ignored .
INFO: [HD-STA 16] No path element with name ProtoComp120.IMUX.24 found. It will be ignored .
INFO: [HD-STA 16] No path element with name ProtoComp126.D2OFFBYP_SRC.15 found. It will be ignored .
INFO: [HD-STA 16] No path element with name ProtoComp125.IMUX found. It will be ignored .
INFO: [HD-STA 16] No path element with name ProtoComp120.IMUX.23 found. It will be ignored .
INFO: [HD-STA 16] No path element with name ProtoComp126.D2OFFBYP_SRC.14 found. It will be ignored .
INFO: [HD-STA 16] No path element with name ProtoComp125.IMUX found. It will be ignored .
INFO: [HD-STA 16] No path element with name ProtoComp120.IMUX.23 found. It will be ignored .
INFO: [HD-STA 16] No path element with name ProtoComp126.D2OFFBYP_SRC.14 found. It will be ignored .
INFO: [HD-STA 16] No path element with name ProtoComp125.IMUX.1 found. It will be ignored .
INFO: [HD-STA 16] No path element with name ProtoComp120.IMUX.23 found. It will be ignored .
INFO: [HD-STA 16] No path element with name ProtoComp126.D2OFFBYP_SRC.14 found. It will be ignored .
INFO: [HD-STA 16] No path element with name ProtoComp125.IMUX.1 found. It will be ignored .
INFO: [HD-STA 16] No path element with name ProtoComp120.IMUX.23 found. It will be ignored .
INFO: [HD-STA 16] No path element with name ProtoComp126.D2OFFBYP_SRC.14 found. It will be ignored .
INFO: [HD-STA 16] No path element with name ProtoComp125.IMUX found. It will be ignored .
INFO: [HD-STA 16] No path element with name ProtoComp120.IMUX.23 found. It will be ignored .
INFO: [HD-STA 16] No path element with name ProtoComp126.D2OFFBYP_SRC.14 found. It will be ignored .
INFO: [HD-STA 16] No path element with name ProtoComp125.IMUX found. It will be ignored .
INFO: [HD-STA 16] No path element with name ProtoComp120.IMUX.23 found. It will be ignored .
INFO: [HD-STA 16] No path element with name ProtoComp126.D2OFFBYP_SRC.14 found. It will be ignored .
INFO: [HD-STA 16] No path element with name ProtoComp125.IMUX.1 found. It will be ignored .
INFO: [HD-STA 16] No path element with name ProtoComp120.IMUX.23 found. It will be ignored .
INFO: [HD-STA 16] No path element with name ProtoComp126.D2OFFBYP_SRC.14 found. It will be ignored .
INFO: [HD-STA 16] No path element with name ProtoComp125.IMUX.1 found. It will be ignored .
INFO: [HD-STA 16] No path element with name ProtoComp120.IMUX.23 found. It will be ignored .
INFO: [HD-STA 16] No path element with name ProtoComp126.D2OFFBYP_SRC.14 found. It will be ignored .
INFO: [HD-STA 16] No path element with name ProtoComp125.IMUX found. It will be ignored .
INFO: [HD-STA 16] No path element with name ProtoComp120.IMUX.22 found. It will be ignored .
INFO: [HD-STA 16] No path element with name ProtoComp126.D2OFFBYP_SRC.13 found. It will be ignored .
INFO: [HD-STA 16] No path element with name ProtoComp125.IMUX found. It will be ignored .
INFO: [HD-STA 16] No path element with name ProtoComp120.IMUX.22 found. It will be ignored .
INFO: [HD-STA 16] No path element with name ProtoComp126.D2OFFBYP_SRC.13 found. It will be ignored .
INFO: [HD-STA 16] No path element with name ProtoComp125.IMUX.1 found. It will be ignored .
INFO: [HD-STA 16] No path element with name ProtoComp120.IMUX.22 found. It will be ignored .
INFO: [HD-STA 16] No path element with name ProtoComp126.D2OFFBYP_SRC.13 found. It will be ignored .
INFO: [HD-STA 16] No path element with name ProtoComp125.IMUX.1 found. It will be ignored .
INFO: [HD-STA 16] No path element with name ProtoComp120.IMUX.22 found. It will be ignored .
INFO: [HD-STA 16] No path element with name ProtoComp126.D2OFFBYP_SRC.13 found. It will be ignored .
INFO: [HD-STA 16] No path element with name ProtoComp125.IMUX found. It will be ignored .
INFO: [HD-STA 16] No path element with name ProtoComp120.IMUX.22 found. It will be ignored .
INFO: [HD-STA 16] No path element with name ProtoComp126.D2OFFBYP_SRC.13 found. It will be ignored .
INFO: [HD-STA 16] No path element with name ProtoComp125.IMUX found. It will be ignored .
INFO: [HD-STA 16] No path element with name ProtoComp120.IMUX.22 found. It will be ignored .
INFO: [HD-STA 16] No path element with name ProtoComp126.D2OFFBYP_SRC.13 found. It will be ignored .
INFO: [HD-STA 16] No path element with name ProtoComp125.IMUX.1 found. It will be ignored .
INFO: [HD-STA 16] No path element with name ProtoComp120.IMUX.22 found. It will be ignored .
INFO: [HD-STA 16] No path element with name ProtoComp126.D2OFFBYP_SRC.13 found. It will be ignored .
INFO: [HD-STA 16] No path element with name ProtoComp125.IMUX.1 found. It will be ignored .
INFO: [HD-STA 16] No path element with name ProtoComp120.IMUX.22 found. It will be ignored .
INFO: [HD-STA 16] No path element with name ProtoComp126.D2OFFBYP_SRC.13 found. It will be ignored .
INFO: [HD-STA 16] No path element with name ProtoComp125.IMUX found. It will be ignored .
INFO: [HD-STA 16] No path element with name ProtoComp120.IMUX.21 found. It will be ignored .
INFO: [HD-STA 16] No path element with name ProtoComp126.D2OFFBYP_SRC.12 found. It will be ignored .
INFO: [HD-STA 16] No path element with name ProtoComp125.IMUX found. It will be ignored .
INFO: [HD-STA 16] No path element with name ProtoComp120.IMUX.21 found. It will be ignored .
INFO: [HD-STA 16] No path element with name ProtoComp126.D2OFFBYP_SRC.12 found. It will be ignored .
INFO: [HD-STA 16] No path element with name ProtoComp125.IMUX.1 found. It will be ignored .
INFO: [HD-STA 16] No path element with name ProtoComp120.IMUX.21 found. It will be ignored .
INFO: [HD-STA 16] No path element with name ProtoComp126.D2OFFBYP_SRC.12 found. It will be ignored .
INFO: [HD-STA 16] No path element with name ProtoComp125.IMUX.1 found. It will be ignored .
INFO: [HD-STA 16] No path element with name ProtoComp120.IMUX.21 found. It will be ignored .
INFO: [HD-STA 16] No path element with name ProtoComp126.D2OFFBYP_SRC.12 found. It will be ignored .
INFO: [HD-STA 16] No path element with name ProtoComp125.IMUX found. It will be ignored .
INFO: [HD-STA 16] No path element with name ProtoComp120.IMUX.21 found. It will be ignored .
INFO: [HD-STA 16] No path element with name ProtoComp126.D2OFFBYP_SRC.12 found. It will be ignored .
INFO: [HD-STA 16] No path element with name ProtoComp125.IMUX found. It will be ignored .
INFO: [HD-STA 16] No path element with name ProtoComp120.IMUX.21 found. It will be ignored .
INFO: [HD-STA 16] No path element with name ProtoComp126.D2OFFBYP_SRC.12 found. It will be ignored .
INFO: [HD-STA 16] No path element with name ProtoComp125.IMUX.1 found. It will be ignored .
INFO: [HD-STA 16] No path element with name ProtoComp120.IMUX.21 found. It will be ignored .
INFO: [HD-STA 16] No path element with name ProtoComp126.D2OFFBYP_SRC.12 found. It will be ignored .
INFO: [HD-STA 16] No path element with name ProtoComp125.IMUX.1 found. It will be ignored .
INFO: [HD-STA 16] No path element with name ProtoComp120.IMUX.21 found. It will be ignored .
INFO: [HD-STA 16] No path element with name ProtoComp126.D2OFFBYP_SRC.12 found. It will be ignored .
INFO: [HD-STA 16] No path element with name ProtoComp125.IMUX found. It will be ignored .
INFO: [HD-STA 16] No path element with name ProtoComp120.IMUX.20 found. It will be ignored .
INFO: [HD-STA 16] No path element with name ProtoComp126.D2OFFBYP_SRC.11 found. It will be ignored .
INFO: [HD-STA 16] No path element with name ProtoComp125.IMUX found. It will be ignored .
INFO: [HD-STA 16] No path element with name ProtoComp120.IMUX.20 found. It will be ignored .
INFO: [HD-STA 16] No path element with name ProtoComp126.D2OFFBYP_SRC.11 found. It will be ignored .
INFO: [HD-STA 16] No path element with name ProtoComp125.IMUX.1 found. It will be ignored .
INFO: [HD-STA 16] No path element with name ProtoComp120.IMUX.20 found. It will be ignored .
INFO: [HD-STA 16] No path element with name ProtoComp126.D2OFFBYP_SRC.11 found. It will be ignored .
INFO: [HD-STA 16] No path element with name ProtoComp125.IMUX.1 found. It will be ignored .
INFO: [HD-STA 16] No path element with name ProtoComp120.IMUX.20 found. It will be ignored .
INFO: [HD-STA 16] No path element with name ProtoComp126.D2OFFBYP_SRC.11 found. It will be ignored .
INFO: [HD-STA 16] No path element with name ProtoComp125.IMUX found. It will be ignored .
INFO: [HD-STA 16] No path element with name ProtoComp120.IMUX.20 found. It will be ignored .
INFO: [HD-STA 16] No path element with name ProtoComp126.D2OFFBYP_SRC.11 found. It will be ignored .
INFO: [HD-STA 16] No path element with name ProtoComp125.IMUX found. It will be ignored .
INFO: [HD-STA 16] No path element with name ProtoComp120.IMUX.20 found. It will be ignored .
INFO: [HD-STA 16] No path element with name ProtoComp126.D2OFFBYP_SRC.11 found. It will be ignored .
INFO: [HD-STA 16] No path element with name ProtoComp125.IMUX.1 found. It will be ignored .
INFO: [HD-STA 16] No path element with name ProtoComp120.IMUX.20 found. It will be ignored .
INFO: [HD-STA 16] No path element with name ProtoComp126.D2OFFBYP_SRC.11 found. It will be ignored .
INFO: [HD-STA 16] No path element with name ProtoComp125.IMUX.1 found. It will be ignored .
INFO: [HD-STA 16] No path element with name ProtoComp120.IMUX.20 found. It will be ignored .
INFO: [HD-STA 16] No path element with name ProtoComp126.D2OFFBYP_SRC.11 found. It will be ignored .
INFO: [HD-STA 16] No path element with name ProtoComp125.IMUX found. It will be ignored .
INFO: [HD-STA 16] No path element with name ProtoComp120.IMUX.19 found. It will be ignored .
INFO: [HD-STA 16] No path element with name ProtoComp126.D2OFFBYP_SRC.10 found. It will be ignored .
INFO: [HD-STA 16] No path element with name ProtoComp125.IMUX found. It will be ignored .
INFO: [HD-STA 16] No path element with name ProtoComp120.IMUX.19 found. It will be ignored .
INFO: [HD-STA 16] No path element with name ProtoComp126.D2OFFBYP_SRC.10 found. It will be ignored .
INFO: [HD-STA 16] No path element with name ProtoComp125.IMUX.1 found. It will be ignored .
INFO: [HD-STA 16] No path element with name ProtoComp120.IMUX.19 found. It will be ignored .
INFO: [HD-STA 16] No path element with name ProtoComp126.D2OFFBYP_SRC.10 found. It will be ignored .
INFO: [HD-STA 16] No path element with name ProtoComp125.IMUX.1 found. It will be ignored .
INFO: [HD-STA 16] No path element with name ProtoComp120.IMUX.19 found. It will be ignored .
INFO: [HD-STA 16] No path element with name ProtoComp126.D2OFFBYP_SRC.10 found. It will be ignored .
INFO: [HD-STA 16] No path element with name ProtoComp125.IMUX found. It will be ignored .
INFO: [HD-STA 16] No path element with name ProtoComp120.IMUX.19 found. It will be ignored .
INFO: [HD-STA 16] No path element with name ProtoComp126.D2OFFBYP_SRC.10 found. It will be ignored .
INFO: [HD-STA 16] No path element with name ProtoComp125.IMUX found. It will be ignored .
INFO: [HD-STA 16] No path element with name ProtoComp120.IMUX.19 found. It will be ignored .
INFO: [HD-STA 16] No path element with name ProtoComp126.D2OFFBYP_SRC.10 found. It will be ignored .
INFO: [HD-STA 16] No path element with name ProtoComp125.IMUX.1 found. It will be ignored .
INFO: [HD-STA 16] No path element with name ProtoComp120.IMUX.19 found. It will be ignored .
INFO: [HD-STA 16] No path element with name ProtoComp126.D2OFFBYP_SRC.10 found. It will be ignored .
INFO: [HD-STA 16] No path element with name ProtoComp125.IMUX.1 found. It will be ignored .
INFO: [HD-STA 16] No path element with name ProtoComp120.IMUX.19 found. It will be ignored .
INFO: [HD-STA 16] No path element with name ProtoComp126.D2OFFBYP_SRC.10 found. It will be ignored .
INFO: [HD-STA 16] No path element with name ProtoComp125.IMUX found. It will be ignored .
INFO: [HD-STA 16] No path element with name ProtoComp120.IMUX.18 found. It will be ignored .
INFO: [HD-STA 16] No path element with name ProtoComp126.D2OFFBYP_SRC.9 found. It will be ignored .
INFO: [HD-STA 16] No path element with name ProtoComp125.IMUX found. It will be ignored .
INFO: [HD-STA 16] No path element with name ProtoComp120.IMUX.18 found. It will be ignored .
INFO: [HD-STA 16] No path element with name ProtoComp126.D2OFFBYP_SRC.9 found. It will be ignored .
INFO: [HD-STA 16] No path element with name ProtoComp125.IMUX.1 found. It will be ignored .
INFO: [HD-STA 16] No path element with name ProtoComp120.IMUX.18 found. It will be ignored .
INFO: [HD-STA 16] No path element with name ProtoComp126.D2OFFBYP_SRC.9 found. It will be ignored .
INFO: [HD-STA 16] No path element with name ProtoComp125.IMUX.1 found. It will be ignored .
INFO: [HD-STA 16] No path element with name ProtoComp120.IMUX.18 found. It will be ignored .
INFO: [HD-STA 16] No path element with name ProtoComp126.D2OFFBYP_SRC.9 found. It will be ignored .
INFO: [HD-STA 16] No path element with name ProtoComp125.IMUX found. It will be ignored .
INFO: [HD-STA 16] No path element with name ProtoComp120.IMUX.18 found. It will be ignored .
INFO: [HD-STA 16] No path element with name ProtoComp126.D2OFFBYP_SRC.9 found. It will be ignored .
INFO: [HD-STA 16] No path element with name ProtoComp125.IMUX found. It will be ignored .
INFO: [HD-STA 16] No path element with name ProtoComp120.IMUX.18 found. It will be ignored .
INFO: [HD-STA 16] No path element with name ProtoComp126.D2OFFBYP_SRC.9 found. It will be ignored .
INFO: [HD-STA 16] No path element with name ProtoComp125.IMUX.1 found. It will be ignored .
INFO: [HD-STA 16] No path element with name ProtoComp120.IMUX.18 found. It will be ignored .
INFO: [HD-STA 16] No path element with name ProtoComp126.D2OFFBYP_SRC.9 found. It will be ignored .
INFO: [HD-STA 16] No path element with name ProtoComp125.IMUX.1 found. It will be ignored .
INFO: [HD-STA 16] No path element with name ProtoComp120.IMUX.18 found. It will be ignored .
INFO: [HD-STA 16] No path element with name ProtoComp126.D2OFFBYP_SRC.9 found. It will be ignored .
INFO: [HD-STA 16] No path element with name ProtoComp125.IMUX found. It will be ignored .
INFO: [HD-STA 16] No path element with name ProtoComp120.IMUX.17 found. It will be ignored .
INFO: [HD-STA 16] No path element with name ProtoComp126.D2OFFBYP_SRC.8 found. It will be ignored .
INFO: [HD-STA 16] No path element with name ProtoComp125.IMUX found. It will be ignored .
INFO: [HD-STA 16] No path element with name ProtoComp120.IMUX.17 found. It will be ignored .
INFO: [HD-STA 16] No path element with name ProtoComp126.D2OFFBYP_SRC.8 found. It will be ignored .
INFO: [HD-STA 16] No path element with name ProtoComp125.IMUX.1 found. It will be ignored .
INFO: [HD-STA 16] No path element with name ProtoComp120.IMUX.17 found. It will be ignored .
INFO: [HD-STA 16] No path element with name ProtoComp126.D2OFFBYP_SRC.8 found. It will be ignored .
INFO: [HD-STA 16] No path element with name ProtoComp125.IMUX.1 found. It will be ignored .
INFO: [HD-STA 16] No path element with name ProtoComp120.IMUX.17 found. It will be ignored .
INFO: [HD-STA 16] No path element with name ProtoComp126.D2OFFBYP_SRC.8 found. It will be ignored .
INFO: [HD-STA 16] No path element with name ProtoComp125.IMUX found. It will be ignored .
INFO: [HD-STA 16] No path element with name ProtoComp120.IMUX.17 found. It will be ignored .
INFO: [HD-STA 16] No path element with name ProtoComp126.D2OFFBYP_SRC.8 found. It will be ignored .
INFO: [HD-STA 16] No path element with name ProtoComp125.IMUX found. It will be ignored .
INFO: [HD-STA 16] No path element with name ProtoComp120.IMUX.17 found. It will be ignored .
INFO: [HD-STA 16] No path element with name ProtoComp126.D2OFFBYP_SRC.8 found. It will be ignored .
INFO: [HD-STA 16] No path element with name ProtoComp125.IMUX.1 found. It will be ignored .
INFO: [HD-STA 16] No path element with name ProtoComp120.IMUX.17 found. It will be ignored .
INFO: [HD-STA 16] No path element with name ProtoComp126.D2OFFBYP_SRC.8 found. It will be ignored .
INFO: [HD-STA 16] No path element with name ProtoComp125.IMUX.1 found. It will be ignored .
INFO: [HD-STA 16] No path element with name ProtoComp120.IMUX.17 found. It will be ignored .
INFO: [HD-STA 16] No path element with name ProtoComp126.D2OFFBYP_SRC.8 found. It will be ignored .
INFO: [HD-STA 16] No path element with name ProtoComp125.IMUX found. It will be ignored .
INFO: [HD-STA 16] No path element with name ProtoComp120.IMUX.5 found. It will be ignored .
INFO: [HD-STA 16] No path element with name ProtoComp126.D2OFFBYP_SRC found. It will be ignored .
INFO: [HD-STA 16] No path element with name ProtoComp125.IMUX found. It will be ignored .
INFO: [HD-STA 16] No path element with name ProtoComp120.IMUX.5 found. It will be ignored .
INFO: [HD-STA 16] No path element with name ProtoComp126.D2OFFBYP_SRC found. It will be ignored .
INFO: [HD-STA 16] No path element with name ProtoComp125.IMUX.1 found. It will be ignored .
INFO: [HD-STA 16] No path element with name ProtoComp120.IMUX.5 found. It will be ignored .
INFO: [HD-STA 16] No path element with name ProtoComp126.D2OFFBYP_SRC found. It will be ignored .
INFO: [HD-STA 16] No path element with name ProtoComp125.IMUX.1 found. It will be ignored .
INFO: [HD-STA 16] No path element with name ProtoComp120.IMUX.5 found. It will be ignored .
INFO: [HD-STA 16] No path element with name ProtoComp126.D2OFFBYP_SRC found. It will be ignored .
INFO: [HD-STA 16] No path element with name ProtoComp125.IMUX found. It will be ignored .
INFO: [HD-STA 16] No path element with name ProtoComp120.IMUX.16 found. It will be ignored .
INFO: [HD-STA 16] No path element with name ProtoComp126.D2OFFBYP_SRC.7 found. It will be ignored .
INFO: [HD-STA 16] No path element with name ProtoComp125.IMUX found. It will be ignored .
INFO: [HD-STA 16] No path element with name ProtoComp120.IMUX.16 found. It will be ignored .
INFO: [HD-STA 16] No path element with name ProtoComp126.D2OFFBYP_SRC.7 found. It will be ignored .
INFO: [HD-STA 16] No path element with name ProtoComp125.IMUX.1 found. It will be ignored .
INFO: [HD-STA 16] No path element with name ProtoComp120.IMUX.16 found. It will be ignored .
INFO: [HD-STA 16] No path element with name ProtoComp126.D2OFFBYP_SRC.7 found. It will be ignored .
INFO: [HD-STA 16] No path element with name ProtoComp125.IMUX.1 found. It will be ignored .
INFO: [HD-STA 16] No path element with name ProtoComp120.IMUX.16 found. It will be ignored .
INFO: [HD-STA 16] No path element with name ProtoComp126.D2OFFBYP_SRC.7 found. It will be ignored .
INFO: [HD-STA 16] No path element with name ProtoComp125.IMUX found. It will be ignored .
INFO: [HD-STA 16] No path element with name ProtoComp125.IMUX.1 found. It will be ignored .
INFO: [HD-STA 16] No path element with name ProtoComp125.IMUX found. It will be ignored .
INFO: [HD-STA 16] No path element with name ProtoComp125.IMUX found. It will be ignored .
INFO: [HD-STA 16] No path element with name ProtoComp125.IMUX.1 found. It will be ignored .
INFO: [HD-STA 16] No path element with name ProtoComp125.IMUX.1 found. It will be ignored .
INFO: [HD-STA 16] No path element with name ProtoComp125.IMUX found. It will be ignored .
INFO: [HD-STA 16] No path element with name ProtoComp125.IMUX found. It will be ignored .
INFO: [HD-STA 16] No path element with name ProtoComp125.IMUX.1 found. It will be ignored .
INFO: [HD-STA 16] No path element with name ProtoComp125.IMUX.1 found. It will be ignored .
INFO: [HD-STA 16] No path element with name ProtoComp125.IMUX found. It will be ignored .
INFO: [HD-STA 16] No path element with name ProtoComp125.IMUX found. It will be ignored .
INFO: [HD-STA 16] No path element with name ProtoComp125.IMUX.1 found. It will be ignored .
INFO: [HD-STA 16] No path element with name ProtoComp125.IMUX.1 found. It will be ignored .
INFO: [HD-STA 16] No path element with name ProtoComp125.IMUX found. It will be ignored .
INFO: [HD-STA 16] No path element with name ProtoComp125.IMUX found. It will be ignored .
INFO: [HD-STA 16] No path element with name ProtoComp125.IMUX.1 found. It will be ignored .
INFO: [HD-STA 16] No path element with name ProtoComp125.IMUX.1 found. It will be ignored .
INFO: [HD-STA 16] No path element with name ProtoComp125.IMUX found. It will be ignored .
INFO: [HD-STA 16] No path element with name ProtoComp125.IMUX found. It will be ignored .
INFO: [HD-STA 16] No path element with name ProtoComp125.IMUX.1 found. It will be ignored .
INFO: [HD-STA 16] No path element with name ProtoComp125.IMUX.1 found. It will be ignored .
INFO: [HD-STA 16] No path element with name ProtoComp125.IMUX found. It will be ignored .
INFO: [HD-STA 16] No path element with name ProtoComp125.IMUX found. It will be ignored .
INFO: [HD-STA 16] No path element with name ProtoComp125.IMUX.1 found. It will be ignored .
INFO: [HD-STA 16] No path element with name ProtoComp125.IMUX.1 found. It will be ignored .
INFO: [HD-STA 16] No path element with name ProtoComp125.IMUX found. It will be ignored .
INFO: [HD-STA 16] No path element with name ProtoComp125.IMUX found. It will be ignored .
INFO: [HD-STA 16] No path element with name ProtoComp125.IMUX.1 found. It will be ignored .
INFO: [HD-STA 16] No path element with name ProtoComp125.IMUX.1 found. It will be ignored .
INFO: [HD-STA 16] No path element with name ProtoComp125.IMUX found. It will be ignored .
INFO: [HD-STA 16] No path element with name ProtoComp125.IMUX found. It will be ignored .
INFO: [HD-STA 16] No path element with name ProtoComp125.IMUX.1 found. It will be ignored .
INFO: [HD-STA 16] No path element with name ProtoComp125.IMUX.1 found. It will be ignored .
INFO: [HD-STA 16] No path element with name ProtoComp125.IMUX found. It will be ignored .
INFO: [HD-STA 16] No path element with name ProtoComp125.IMUX found. It will be ignored .
INFO: [HD-STA 16] No path element with name ProtoComp125.IMUX.1 found. It will be ignored .
INFO: [HD-STA 16] No path element with name ProtoComp125.IMUX.1 found. It will be ignored .
INFO: [HD-STA 16] No path element with name ProtoComp125.IMUX found. It will be ignored .
INFO: [HD-STA 16] No path element with name ProtoComp125.IMUX found. It will be ignored .
INFO: [HD-STA 16] No path element with name ProtoComp125.IMUX.1 found. It will be ignored .
INFO: [HD-STA 16] No path element with name ProtoComp125.IMUX.1 found. It will be ignored .
INFO: [HD-STA 16] No path element with name ProtoComp125.IMUX found. It will be ignored .
INFO: [HD-STA 16] No path element with name ProtoComp125.IMUX found. It will be ignored .
INFO: [HD-STA 16] No path element with name ProtoComp125.IMUX.1 found. It will be ignored .
INFO: [HD-STA 16] No path element with name ProtoComp125.IMUX.1 found. It will be ignored .
INFO: [HD-STA 16] No path element with name ProtoComp125.IMUX found. It will be ignored .
INFO: [HD-STA 16] No path element with name ProtoComp125.IMUX found. It will be ignored .
INFO: [HD-STA 16] No path element with name ProtoComp125.IMUX.1 found. It will be ignored .
INFO: [HD-STA 16] No path element with name ProtoComp125.IMUX.1 found. It will be ignored .
INFO: [HD-STA 16] No path element with name ProtoComp125.IMUX found. It will be ignored .
INFO: [HD-STA 16] No path element with name ProtoComp125.IMUX found. It will be ignored .
INFO: [HD-STA 16] No path element with name ProtoComp125.IMUX.1 found. It will be ignored .
INFO: [HD-STA 16] No path element with name ProtoComp125.IMUX.1 found. It will be ignored .
INFO: [HD-STA 16] No path element with name ProtoComp125.IMUX found. It will be ignored .
INFO: [HD-STA 16] No path element with name ProtoComp125.IMUX found. It will be ignored .
INFO: [HD-STA 16] No path element with name ProtoComp125.IMUX.1 found. It will be ignored .
INFO: [HD-STA 16] No path element with name ProtoComp125.IMUX.1 found. It will be ignored .
INFO: [HD-STA 16] No path element with name ProtoComp125.IMUX found. It will be ignored .
INFO: [HD-STA 16] No path element with name ProtoComp125.IMUX found. It will be ignored .
INFO: [HD-STA 16] No path element with name ProtoComp125.IMUX.1 found. It will be ignored .
INFO: [HD-STA 16] No path element with name ProtoComp125.IMUX.1 found. It will be ignored .
INFO: [HD-STA 16] No path element with name ProtoComp125.IMUX found. It will be ignored .
INFO: [HD-STA 16] No path element with name ProtoComp125.IMUX found. It will be ignored .
INFO: [HD-STA 16] No path element with name ProtoComp125.IMUX.1 found. It will be ignored .
close_design
open_netlist_design -name constrs_1
INFO: Run is defaulting to constrset part: xc6slx150tfgg676-3
INFO: [HD-EDIFIN 0] Parsing Edif File './.HDI-PlanAhead-3253-ABPC10853/ngc2edif/pfc_wrapper.edif'
INFO: [HD-EDIFIN 1] Finished Parsing Edif File './.HDI-PlanAhead-3253-ABPC10853/ngc2edif/pfc_wrapper.edif'
INFO: [HD-EDIFIN 4] Reading core file '/home/mcattin/projects/GN4124_core/hdl/pfc/ip_cores/ram_2048x32.ngc' for (cell view 'ram_2048x32', library 'pfc_wrapper_lib', file 'pfc_wrapper.ngc')
INFO: [HD-EDIFIN 0] Parsing Edif File './.HDI-PlanAhead-3253-ABPC10853/ngc2edif/ram_2048x32.edif'
INFO: [HD-EDIFIN 1] Finished Parsing Edif File './.HDI-PlanAhead-3253-ABPC10853/ngc2edif/ram_2048x32.edif'
INFO: [HD-EDIFIN 4] Reading core file '/home/mcattin/projects/GN4124_core/hdl/pfc/ip_cores/fifo_32x512.ngc' for (cell view 'fifo_32x512', library 'pfc_wrapper_lib', file 'pfc_wrapper.ngc')
INFO: [HD-EDIFIN 0] Parsing Edif File './.HDI-PlanAhead-3253-ABPC10853/ngc2edif/fifo_32x512.edif'
INFO: [HD-EDIFIN 1] Finished Parsing Edif File './.HDI-PlanAhead-3253-ABPC10853/ngc2edif/fifo_32x512.edif'
INFO: [HD-EDIFIN 4] Reading core file '/home/mcattin/projects/GN4124_core/hdl/pfc/ip_cores/fifo_64x512.ngc' for (cell view 'fifo_64x512', library 'pfc_wrapper_lib', file 'pfc_wrapper.ngc')
INFO: [HD-EDIFIN 0] Parsing Edif File './.HDI-PlanAhead-3253-ABPC10853/ngc2edif/fifo_64x512.edif'
INFO: [HD-EDIFIN 1] Finished Parsing Edif File './.HDI-PlanAhead-3253-ABPC10853/ngc2edif/fifo_64x512.edif'
INFO: [HD-ArchReader 7] Loading clock regions from /opt/Xilinx/12.2/ISE_DS/PlanAhead/parts/xilinx/spartan6/spartan6lxt/xc6slx150t/ClockRegion.xml
INFO: [HD-ArchReader 8] Loading clock buffers from /opt/Xilinx/12.2/ISE_DS/PlanAhead/parts/xilinx/spartan6/spartan6lxt/xc6slx150t/ClockBuffers.xml
INFO: [HD-ArchReader 3] Loading package from /opt/Xilinx/12.2/ISE_DS/PlanAhead/parts/xilinx/spartan6/spartan6lxt/xc6slx150t/fgg676/Package.xml
INFO: [HD-ArchReader 13] Loading package pin functions from /opt/Xilinx/12.2/ISE_DS/PlanAhead/parts/xilinx/spartan6/PinFunctions.xml...
INFO: [HD-ArchReader 4] Loading io standards from /opt/Xilinx/12.2/ISE_DS/PlanAhead/./parts/xilinx/spartan6/IOStandards.xml
INFO: [HD-GDRC 0] Loading list of drcs for the architecture : /opt/Xilinx/12.2/ISE_DS/PlanAhead/./parts/xilinx/spartan6/drc.xml
INFO: [HD-UCFReader 0] Parsing UCF File : ./ip_cores/fifo_32x512.ncf
INFO: [HD-UCFReader 1] Finished Parsing UCF File : ./ip_cores/fifo_32x512.ncf
INFO: [HD-UCFReader 0] Parsing UCF File : ./ip_cores/fifo_32x512.ncf
INFO: [HD-UCFReader 1] Finished Parsing UCF File : ./ip_cores/fifo_32x512.ncf
INFO: [HD-UCFReader 0] Parsing UCF File : ./ip_cores/fifo_32x512.ncf
INFO: [HD-UCFReader 1] Finished Parsing UCF File : ./ip_cores/fifo_32x512.ncf
INFO: [HD-UCFReader 0] Parsing UCF File : ./ip_cores/fifo_64x512.ncf
INFO: [HD-UCFReader 1] Finished Parsing UCF File : ./ip_cores/fifo_64x512.ncf
INFO: [HD-UCFReader 0] Parsing UCF File : ./ip_cores/fifo_64x512.ncf
INFO: [HD-UCFReader 1] Finished Parsing UCF File : ./ip_cores/fifo_64x512.ncf
INFO: [HD-UCFReader 0] Parsing UCF File : ./ip_cores/ram_2048x32.ncf
INFO: [HD-UCFReader 1] Finished Parsing UCF File : ./ip_cores/ram_2048x32.ncf
INFO: [HD-UCFReader 0] Parsing UCF File : ./pfc_wrapper.ucf
ERROR: [HD-Constr 0] Could not find net 'vc_rdy*' (file = pfc_wrapper.ucf, line = 137)
ERROR: [HD-UCFReader 2] Could not create constraint 'maxdelay' (file = pfc_wrapper.ucf, line = 137)
INFO: [HD-UCFReader 1] Finished Parsing UCF File : ./pfc_wrapper.ucf

DESIGN RULE CHECK VIOLATION REPORT
   Build: PlanAhead v12.2 by hdbuild
          on  Wed Jun 23 14:46:30 PDT 2010
  Report: by mcattin on host ABPC10853, pid 3253
          on Thu Nov 18 19:57:54 2010

REPORT SUMMARY
            Netlist: synth_results
          Floorplan: <none>
      Design limits: <entire design considered>
             Checks: Unknown block name
                     Unknown Unisim pin name
                     Mismatching Attribute
           Max vios: <unlimited>
         Vios found: 0

REPORT DETAILS
INFO: [HD-LIB 0] Reading timing library /opt/Xilinx/12.2/ISE_DS/PlanAhead/./parts/xilinx/spartan6/spartan6.lib .
INFO: [HD-LIB 1] Done reading timing library /opt/Xilinx/12.2/ISE_DS/PlanAhead/./parts/xilinx/spartan6/spartan6.lib .
close_design
open_netlist_design -name constrs_1
INFO: Run is defaulting to constrset part: xc6slx150tfgg676-3
INFO: [HD-EDIFIN 0] Parsing Edif File './.HDI-PlanAhead-3253-ABPC10853/ngc2edif/pfc_wrapper.edif'
INFO: [HD-EDIFIN 1] Finished Parsing Edif File './.HDI-PlanAhead-3253-ABPC10853/ngc2edif/pfc_wrapper.edif'
INFO: [HD-EDIFIN 4] Reading core file '/home/mcattin/projects/GN4124_core/hdl/pfc/ip_cores/ram_2048x32.ngc' for (cell view 'ram_2048x32', library 'pfc_wrapper_lib', file 'pfc_wrapper.ngc')
INFO: [HD-EDIFIN 0] Parsing Edif File './.HDI-PlanAhead-3253-ABPC10853/ngc2edif/ram_2048x32.edif'
INFO: [HD-EDIFIN 1] Finished Parsing Edif File './.HDI-PlanAhead-3253-ABPC10853/ngc2edif/ram_2048x32.edif'
INFO: [HD-EDIFIN 4] Reading core file '/home/mcattin/projects/GN4124_core/hdl/pfc/ip_cores/fifo_32x512.ngc' for (cell view 'fifo_32x512', library 'pfc_wrapper_lib', file 'pfc_wrapper.ngc')
INFO: [HD-EDIFIN 0] Parsing Edif File './.HDI-PlanAhead-3253-ABPC10853/ngc2edif/fifo_32x512.edif'
INFO: [HD-EDIFIN 1] Finished Parsing Edif File './.HDI-PlanAhead-3253-ABPC10853/ngc2edif/fifo_32x512.edif'
INFO: [HD-EDIFIN 4] Reading core file '/home/mcattin/projects/GN4124_core/hdl/pfc/ip_cores/fifo_64x512.ngc' for (cell view 'fifo_64x512', library 'pfc_wrapper_lib', file 'pfc_wrapper.ngc')
INFO: [HD-EDIFIN 0] Parsing Edif File './.HDI-PlanAhead-3253-ABPC10853/ngc2edif/fifo_64x512.edif'
INFO: [HD-EDIFIN 1] Finished Parsing Edif File './.HDI-PlanAhead-3253-ABPC10853/ngc2edif/fifo_64x512.edif'
INFO: [HD-ArchReader 7] Loading clock regions from /opt/Xilinx/12.2/ISE_DS/PlanAhead/parts/xilinx/spartan6/spartan6lxt/xc6slx150t/ClockRegion.xml
INFO: [HD-ArchReader 8] Loading clock buffers from /opt/Xilinx/12.2/ISE_DS/PlanAhead/parts/xilinx/spartan6/spartan6lxt/xc6slx150t/ClockBuffers.xml
INFO: [HD-ArchReader 3] Loading package from /opt/Xilinx/12.2/ISE_DS/PlanAhead/parts/xilinx/spartan6/spartan6lxt/xc6slx150t/fgg676/Package.xml
INFO: [HD-ArchReader 13] Loading package pin functions from /opt/Xilinx/12.2/ISE_DS/PlanAhead/parts/xilinx/spartan6/PinFunctions.xml...
INFO: [HD-ArchReader 4] Loading io standards from /opt/Xilinx/12.2/ISE_DS/PlanAhead/./parts/xilinx/spartan6/IOStandards.xml
INFO: [HD-GDRC 0] Loading list of drcs for the architecture : /opt/Xilinx/12.2/ISE_DS/PlanAhead/./parts/xilinx/spartan6/drc.xml
INFO: [HD-UCFReader 0] Parsing UCF File : ./ip_cores/fifo_32x512.ncf
INFO: [HD-UCFReader 1] Finished Parsing UCF File : ./ip_cores/fifo_32x512.ncf
INFO: [HD-UCFReader 0] Parsing UCF File : ./ip_cores/fifo_32x512.ncf
INFO: [HD-UCFReader 1] Finished Parsing UCF File : ./ip_cores/fifo_32x512.ncf
INFO: [HD-UCFReader 0] Parsing UCF File : ./ip_cores/fifo_32x512.ncf
INFO: [HD-UCFReader 1] Finished Parsing UCF File : ./ip_cores/fifo_32x512.ncf
INFO: [HD-UCFReader 0] Parsing UCF File : ./ip_cores/fifo_64x512.ncf
INFO: [HD-UCFReader 1] Finished Parsing UCF File : ./ip_cores/fifo_64x512.ncf
INFO: [HD-UCFReader 0] Parsing UCF File : ./ip_cores/fifo_64x512.ncf
INFO: [HD-UCFReader 1] Finished Parsing UCF File : ./ip_cores/fifo_64x512.ncf
INFO: [HD-UCFReader 0] Parsing UCF File : ./ip_cores/ram_2048x32.ncf
INFO: [HD-UCFReader 1] Finished Parsing UCF File : ./ip_cores/ram_2048x32.ncf
INFO: [HD-UCFReader 0] Parsing UCF File : ./pfc_wrapper.ucf
ERROR: [HD-Constr 0] Could not find net 'vc_rdy*' (file = pfc_wrapper.ucf, line = 137)
ERROR: [HD-UCFReader 2] Could not create constraint 'maxdelay' (file = pfc_wrapper.ucf, line = 137)
INFO: [HD-UCFReader 1] Finished Parsing UCF File : ./pfc_wrapper.ucf

DESIGN RULE CHECK VIOLATION REPORT
   Build: PlanAhead v12.2 by hdbuild
          on  Wed Jun 23 14:46:30 PDT 2010
  Report: by mcattin on host ABPC10853, pid 3253
          on Thu Nov 18 20:00:42 2010

REPORT SUMMARY
            Netlist: synth_results
          Floorplan: <none>
      Design limits: <entire design considered>
             Checks: Unknown block name
                     Unknown Unisim pin name
                     Mismatching Attribute
           Max vios: <unlimited>
         Vios found: 0

REPORT DETAILS
INFO: [HD-LIB 0] Reading timing library /opt/Xilinx/12.2/ISE_DS/PlanAhead/./parts/xilinx/spartan6/spartan6.lib .
INFO: [HD-LIB 1] Done reading timing library /opt/Xilinx/12.2/ISE_DS/PlanAhead/./parts/xilinx/spartan6/spartan6.lib .
exit
INFO: [HD-Application 0] Exiting PlanAhead...
INFO: [HD-Licensing 2] Releasing license: PlanAhead
